<?xml version="1.0" encoding="UTF-8"?>
<!-- Generated by org.testng.reporters.JUnitXMLReporter -->
<testsuite ignored="0" hostname="SRINIVAS-G2005" failures="0" tests="4" name="Test" time="14.993" errors="0" timestamp="2025-04-19T09:23:00 IST">
  <testcase classname="api.test.UserTests" name="testPostUser" time="5.066"/>
  <testcase classname="api.test.UserTests" name="testGetUserByName" time="1.908"/>
  <testcase classname="api.test.UserTests" name="testUpdateUserByName" time="4.929"/>
  <testcase classname="api.test.UserTests" name="testDeleteUserByName" time="2.161"/>
</testsuite> <!-- Test -->
