<?xml version="1.0" encoding="UTF-8"?>
<testng-results ignored="0" total="4" passed="4" failed="0" skipped="0">
  <reporter-output>
  </reporter-output>
  <suite started-at="2025-04-19T09:22:45 IST" name="Suite" finished-at="2025-04-19T09:23:00 IST" duration-ms="14993">
    <groups>
    </groups>
    <test started-at="2025-04-19T09:22:45 IST" name="Test" finished-at="2025-04-19T09:23:00 IST" duration-ms="14993">
      <class name="api.test.UserTests">
        <test-method is-config="true" signature="setUp()[pri:0, instance:api.test.UserTests@662ac478]" started-at="2025-04-19T09:22:45 IST" name="setUp" finished-at="2025-04-19T09:22:46 IST" duration-ms="399" status="PASS">
          <reporter-output>
          </reporter-output>
        </test-method> <!-- setUp -->
        <test-method signature="testPostUser()[pri:1, instance:api.test.UserTests@662ac478]" started-at="2025-04-19T09:22:46 IST" name="testPostUser" finished-at="2025-04-19T09:22:51 IST" duration-ms="5066" status="PASS">
          <reporter-output>
          </reporter-output>
        </test-method> <!-- testPostUser -->
        <test-method signature="testGetUserByName()[pri:2, instance:api.test.UserTests@662ac478]" started-at="2025-04-19T09:22:51 IST" name="testGetUserByName" finished-at="2025-04-19T09:22:53 IST" duration-ms="1908" status="PASS">
          <reporter-output>
          </reporter-output>
        </test-method> <!-- testGetUserByName -->
        <test-method signature="testUpdateUserByName()[pri:3, instance:api.test.UserTests@662ac478]" started-at="2025-04-19T09:22:53 IST" name="testUpdateUserByName" finished-at="2025-04-19T09:22:58 IST" duration-ms="4929" status="PASS">
          <reporter-output>
          </reporter-output>
        </test-method> <!-- testUpdateUserByName -->
        <test-method signature="testDeleteUserByName()[pri:4, instance:api.test.UserTests@662ac478]" started-at="2025-04-19T09:22:58 IST" name="testDeleteUserByName" finished-at="2025-04-19T09:23:00 IST" duration-ms="2161" status="PASS">
          <reporter-output>
          </reporter-output>
        </test-method> <!-- testDeleteUserByName -->
      </class> <!-- api.test.UserTests -->
    </test> <!-- Test -->
  </suite> <!-- Suite -->
</testng-results>
